<?xml version="1.0" encoding="UTF-8"?>
<!-- Generated by org.testng.reporters.JUnitReportReporter -->
<testsuite hostname="Karthick" name="com.java.programs.AllPrograms" tests="1" failures="0" timestamp="25 Apr 2018 03:28:24 GMT" time="6.517" errors="0">
  <testcase name="bignumber" time="6.517" classname="com.java.programs.AllPrograms"/>
</testsuite> <!-- com.java.programs.AllPrograms -->
