<?xml version="1.0" encoding="UTF-8"?>
<!-- Generated by org.testng.reporters.JUnitReportReporter -->
<testsuite hostname="karunachalam" name="com.java.programs.AllPrograms" tests="1" failures="0" timestamp="19 Apr 2018 11:08:11 GMT" time="0.022" errors="0">
  <testcase name="evenOrOddWithoutModuDiv" time="0.022" classname="com.java.programs.AllPrograms"/>
</testsuite> <!-- com.java.programs.AllPrograms -->
