<?xml version="1.0" encoding="UTF-8"?>
<!-- Generated by org.testng.reporters.JUnitReportReporter -->
<testsuite hostname="Karthick" name="com.java.programs.AllPrograms" tests="1" failures="0" timestamp="20 Apr 2018 02:59:38 GMT" time="3.691" errors="0">
  <testcase name="reverseStringWithoutAPI" time="3.691" classname="com.java.programs.AllPrograms"/>
</testsuite> <!-- com.java.programs.AllPrograms -->
