<?xml version="1.0" encoding="UTF-8"?>
<!-- Generated by org.testng.reporters.JUnitReportReporter -->
<testsuite hostname="karunachalam" name="com.java.programs.AllPrograms" tests="1" failures="0" timestamp="5 Apr 2018 09:54:32 GMT" time="29.745" errors="0">
  <testcase name="addTwoMatrices" time="29.745" classname="com.java.programs.AllPrograms"/>
</testsuite> <!-- com.java.programs.AllPrograms -->
