<?xml version="1.0" encoding="UTF-8"?>
<!-- Generated by org.testng.reporters.JUnitReportReporter -->
<testsuite hostname="Karthick" name="com.java.programs.AllPrograms" tests="1" failures="0" timestamp="21 Apr 2018 17:50:33 GMT" time="2.941" errors="0">
  <testcase name="findPalindrome" time="2.941" classname="com.java.programs.AllPrograms"/>
</testsuite> <!-- com.java.programs.AllPrograms -->
