<?xml version="1.0" encoding="UTF-8"?>
<!-- Generated by org.testng.reporters.JUnitReportReporter -->
<testsuite hostname="karunachalam" name="com.java.programs.AllPrograms" tests="1" failures="0" timestamp="24 Apr 2018 11:19:55 GMT" time="2.875" errors="1">
  <testcase name="fiboRec" time="2.875" classname="com.java.programs.AllPrograms">
    <error type="java.lang.StackOverflowError">
      <![CDATA[java.lang.StackOverflowError
	at java.io.FileOutputStream.write(FileOutputStream.java:326)
	at java.io.BufferedOutputStream.flushBuffer(BufferedOutputStream.java:82)
	at java.io.BufferedOutputStream.flush(BufferedOutputStream.java:140)
	at java.io.PrintStream.write(PrintStream.java:482)
	at sun.nio.cs.StreamEncoder.writeBytes(StreamEncoder.java:221)
	at sun.nio.cs.StreamEncoder.implFlushBuffer(StreamEncoder.java:291)
	at sun.nio.cs.StreamEncoder.flushBuffer(StreamEncoder.java:104)
	at java.io.OutputStreamWriter.flushBuffer(OutputStreamWriter.java:185)
	at java.io.PrintStream.write(PrintStream.java:527)
	at java.io.PrintStream.print(PrintStream.java:669)
	at java.io.PrintStream.println(PrintStream.java:806)
	at com.java.programs.AllPrograms.callBack(AllPrograms.java:286)
	at com.java.programs.AllPrograms.callBack(AllPrograms.java:290)
	at com.java.programs.AllPrograms.callBack(AllPrograms.java:290)
	at com.java.programs.AllPrograms.callBack(AllPrograms.java:290)
	at com.java.programs.AllPrograms.callBack(AllPrograms.java:290)
	at com.java.programs.AllPrograms.callBack(AllPrograms.java:290)
	at com.java.programs.AllPrograms.callBack(AllPrograms.java:290)
	at com.java.programs.AllPrograms.callBack(AllPrograms.java:290)
	at com.java.programs.AllPrograms.callBack(AllPrograms.java:290)
	at com.java.programs.AllPrograms.callBack(AllPrograms.java:290)
	at com.java.programs.AllPrograms.callBack(AllPrograms.java:290)
	at com.java.programs.AllPrograms.callBack(AllPrograms.java:290)
	at com.java.programs.AllPrograms.callBack(AllPrograms.java:290)
	at com.java.programs.AllPrograms.callBack(AllPrograms.java:290)
	at com.java.programs.AllPrograms.callBack(AllPrograms.java:290)
	at com.java.programs.AllPrograms.callBack(AllPrograms.java:290)
	at com.java.programs.AllPrograms.callBack(AllPrograms.java:290)
	at com.java.programs.AllPrograms.callBack(AllPrograms.java:290)
	at com.java.programs.AllPrograms.callBack(AllPrograms.java:290)
	at com.java.programs.AllPrograms.callBack(AllPrograms.java:290)
	at com.java.programs.AllPrograms.callBack(AllPrograms.java:290)
	at com.java.programs.AllPrograms.callBack(AllPrograms.java:290)
	at com.java.programs.AllPrograms.callBack(AllPrograms.java:290)
	at com.java.programs.AllPrograms.callBack(AllPrograms.java:290)
	at com.java.programs.AllPrograms.callBack(AllPrograms.java:290)
	at com.java.programs.AllPrograms.callBack(AllPrograms.java:290)
	at com.java.programs.AllPrograms.callBack(AllPrograms.java:290)
	at com.java.programs.AllPrograms.callBack(AllPrograms.java:290)
	at com.java.programs.AllPrograms.callBack(AllPrograms.java:290)
	at com.java.programs.AllPrograms.callBack(AllPrograms.java:290)
	at com.java.programs.AllPrograms.callBack(AllPrograms.java:290)
	at com.java.programs.AllPrograms.callBack(AllPrograms.java:290)
	at com.java.programs.AllPrograms.callBack(AllPrograms.java:290)
	at com.java.programs.AllPrograms.callBack(AllPrograms.java:290)
	at com.java.programs.AllPrograms.callBack(AllPrograms.java:290)
	at com.java.programs.AllPrograms.callBack(AllPrograms.java:290)
	at com.java.programs.AllPrograms.callBack(AllPrograms.java:290)
	at com.java.programs.AllPrograms.callBack(AllPrograms.java:290)
	at com.java.programs.AllPrograms.callBack(AllPrograms.java:290)
	at com.java.programs.AllPrograms.callBack(AllPrograms.java:290)
	at com.java.programs.AllPrograms.callBack(AllPrograms.java:290)
	at com.java.programs.AllPrograms.callBack(AllPrograms.java:290)
	at com.java.programs.AllPrograms.callBack(AllPrograms.java:290)
	at com.java.programs.AllPrograms.callBack(AllPrograms.java:290)
	at com.java.programs.AllPrograms.callBack(AllPrograms.java:290)
	at com.java.programs.AllPrograms.callBack(AllPrograms.java:290)
	at com.java.programs.AllPrograms.callBack(AllPrograms.java:290)
	at com.java.programs.AllPrograms.callBack(AllPrograms.java:290)
	at com.java.programs.AllPrograms.callBack(AllPrograms.java:290)
	at com.java.programs.AllPrograms.callBack(AllPrograms.java:290)
	at com.java.programs.AllPrograms.callBack(AllPrograms.java:290)
	at com.java.programs.AllPrograms.callBack(AllPrograms.java:290)
	at com.java.programs.AllPrograms.callBack(AllPrograms.java:290)
	at com.java.programs.AllPrograms.callBack(AllPrograms.java:290)
	at com.java.programs.AllPrograms.callBack(AllPrograms.java:290)
	at com.java.programs.AllPrograms.callBack(AllPrograms.java:290)
	at com.java.programs.AllPrograms.callBack(AllPrograms.java:290)
	at com.java.programs.AllPrograms.callBack(AllPrograms.java:290)
	at com.java.programs.AllPrograms.callBack(AllPrograms.java:290)
	at com.java.programs.AllPrograms.callBack(AllPrograms.java:290)
	at com.java.programs.AllPrograms.callBack(AllPrograms.java:290)
	at com.java.programs.AllPrograms.callBack(AllPrograms.java:290)
	at com.java.programs.AllPrograms.callBack(AllPrograms.java:290)
	at com.java.programs.AllPrograms.callBack(AllPrograms.java:290)
	at com.java.programs.AllPrograms.callBack(AllPrograms.java:290)
	at com.java.programs.AllPrograms.callBack(AllPrograms.java:290)
	at com.java.programs.AllPrograms.callBack(AllPrograms.java:290)
	at com.java.programs.AllPrograms.callBack(AllPrograms.java:290)
	at com.java.programs.AllPrograms.callBack(AllPrograms.java:290)
	at com.java.programs.AllPrograms.callBack(AllPrograms.java:290)
	at com.java.programs.AllPrograms.callBack(AllPrograms.java:290)
	at com.java.programs.AllPrograms.callBack(AllPrograms.java:290)
	at com.java.programs.AllPrograms.callBack(AllPrograms.java:290)
	at com.java.programs.AllPrograms.callBack(AllPrograms.java:290)
	at com.java.programs.AllPrograms.callBack(AllPrograms.java:290)
	at com.java.programs.AllPrograms.callBack(AllPrograms.java:290)
	at com.java.programs.AllPrograms.callBack(AllPrograms.java:290)
	at com.java.programs.AllPrograms.callBack(AllPrograms.java:290)
	at com.java.programs.AllPrograms.callBack(AllPrograms.java:290)
	at com.java.programs.AllPrograms.callBack(AllPrograms.java:290)
	at com.java.programs.AllPrograms.callBack(AllPrograms.java:290)
	at com.java.programs.AllPrograms.callBack(AllPrograms.java:290)
	at com.java.programs.AllPrograms.callBack(AllPrograms.java:290)
	at com.java.programs.AllPrograms.callBack(AllPrograms.java:290)
	at com.java.programs.AllPrograms.callBack(AllPrograms.java:290)
	at com.java.programs.AllPrograms.callBack(AllPrograms.java:290)
	at com.java.programs.AllPrograms.callBack(AllPrograms.java:290)
	at com.java.programs.AllPrograms.callBack(AllPrograms.java:290)
	at com.java.programs.AllPrograms.callBack(AllPrograms.java:290)
	at com.java.programs.AllPrograms.callBack(AllPrograms.java:290)
	at com.java.programs.AllPrograms.callBack(AllPrograms.java:290)
	at com.java.programs.AllPrograms.callBack(AllPrograms.java:290)
	at com.java.programs.AllPrograms.callBack(AllPrograms.java:290)
	at com.java.programs.AllPrograms.callBack(AllPrograms.java:290)
	at com.java.programs.AllPrograms.callBack(AllPrograms.java:290)
	at com.java.programs.AllPrograms.callBack(AllPrograms.java:290)
	at com.java.programs.AllPrograms.callBack(AllPrograms.java:290)
	at com.java.programs.AllPrograms.callBack(AllPrograms.java:290)
	at com.java.programs.AllPrograms.callBack(AllPrograms.java:290)
	at com.java.programs.AllPrograms.callBack(AllPrograms.java:290)
	at com.java.programs.AllPrograms.callBack(AllPrograms.java:290)
	at com.java.programs.AllPrograms.callBack(AllPrograms.java:290)
	at com.java.programs.AllPrograms.callBack(AllPrograms.java:290)
	at com.java.programs.AllPrograms.callBack(AllPrograms.java:290)
	at com.java.programs.AllPrograms.callBack(AllPrograms.java:290)
	at com.java.programs.AllPrograms.callBack(AllPrograms.java:290)
	at com.java.programs.AllPrograms.callBack(AllPrograms.java:290)
	at com.java.programs.AllPrograms.callBack(AllPrograms.java:290)
	at com.java.programs.AllPrograms.callBack(AllPrograms.java:290)
	at com.java.programs.AllPrograms.callBack(AllPrograms.java:290)
	at com.java.programs.AllPrograms.callBack(AllPrograms.java:290)
	at com.java.programs.AllPrograms.callBack(AllPrograms.java:290)
	at com.java.programs.AllPrograms.callBack(AllPrograms.java:290)
	at com.java.programs.AllPrograms.callBack(AllPrograms.java:290)
	at com.java.programs.AllPrograms.callBack(AllPrograms.java:290)
	at com.java.programs.AllPrograms.callBack(AllPrograms.java:290)
	at com.java.programs.AllPrograms.callBack(AllPrograms.java:290)
	at com.java.programs.AllPrograms.callBack(AllPrograms.java:290)
	at com.java.programs.AllPrograms.callBack(AllPrograms.java:290)
	at com.java.programs.AllPrograms.callBack(AllPrograms.java:290)
	at com.java.programs.AllPrograms.callBack(AllPrograms.java:290)
	at com.java.programs.AllPrograms.callBack(AllPrograms.java:290)
	at com.java.programs.AllPrograms.callBack(AllPrograms.java:290)
	at com.java.programs.AllPrograms.callBack(AllPrograms.java:290)
	at com.java.programs.AllPrograms.callBack(AllPrograms.java:290)
	at com.java.programs.AllPrograms.callBack(AllPrograms.java:290)
	at com.java.programs.AllPrograms.callBack(AllPrograms.java:290)
	at com.java.programs.AllPrograms.callBack(AllPrograms.java:290)
	at com.java.programs.AllPrograms.callBack(AllPrograms.java:290)
	at com.java.programs.AllPrograms.callBack(AllPrograms.java:290)
	at com.java.programs.AllPrograms.callBack(AllPrograms.java:290)
	at com.java.programs.AllPrograms.callBack(AllPrograms.java:290)
	at com.java.programs.AllPrograms.callBack(AllPrograms.java:290)
	at com.java.programs.AllPrograms.callBack(AllPrograms.java:290)
	at com.java.programs.AllPrograms.callBack(AllPrograms.java:290)
	at com.java.programs.AllPrograms.callBack(AllPrograms.java:290)
	at com.java.programs.AllPrograms.callBack(AllPrograms.java:290)
	at com.java.programs.AllPrograms.callBack(AllPrograms.java:290)
	at com.java.programs.AllPrograms.callBack(AllPrograms.java:290)
	at com.java.programs.AllPrograms.callBack(AllPrograms.java:290)
	at com.java.programs.AllPrograms.callBack(AllPrograms.java:290)
	at com.java.programs.AllPrograms.callBack(AllPrograms.java:290)
	at com.java.programs.AllPrograms.callBack(AllPrograms.java:290)
	at com.java.programs.AllPrograms.callBack(AllPrograms.java:290)
	at com.java.programs.AllPrograms.callBack(AllPrograms.java:290)
	at com.java.programs.AllPrograms.callBack(AllPrograms.java:290)
	at com.java.programs.AllPrograms.callBack(AllPrograms.java:290)
	at com.java.programs.AllPrograms.callBack(AllPrograms.java:290)
	at com.java.programs.AllPrograms.callBack(AllPrograms.java:290)
	at com.java.programs.AllPrograms.callBack(AllPrograms.java:290)
	at com.java.programs.AllPrograms.callBack(AllPrograms.java:290)
	at com.java.programs.AllPrograms.callBack(AllPrograms.java:290)
	at com.java.programs.AllPrograms.callBack(AllPrograms.java:290)
	at com.java.programs.AllPrograms.callBack(AllPrograms.java:290)
	at com.java.programs.AllPrograms.callBack(AllPrograms.java:290)
	at com.java.programs.AllPrograms.callBack(AllPrograms.java:290)
	at com.java.programs.AllPrograms.callBack(AllPrograms.java:290)
	at com.java.programs.AllPrograms.callBack(AllPrograms.java:290)
	at com.java.programs.AllPrograms.callBack(AllPrograms.java:290)
	at com.java.programs.AllPrograms.callBack(AllPrograms.java:290)
	at com.java.programs.AllPrograms.callBack(AllPrograms.java:290)
	at com.java.programs.AllPrograms.callBack(AllPrograms.java:290)
	at com.java.programs.AllPrograms.callBack(AllPrograms.java:290)
	at com.java.programs.AllPrograms.callBack(AllPrograms.java:290)
	at com.java.programs.AllPrograms.callBack(AllPrograms.java:290)
	at com.java.programs.AllPrograms.callBack(AllPrograms.java:290)
	at com.java.programs.AllPrograms.callBack(AllPrograms.java:290)
	at com.java.programs.AllPrograms.callBack(AllPrograms.java:290)
	at com.java.programs.AllPrograms.callBack(AllPrograms.java:290)
	at com.java.programs.AllPrograms.callBack(AllPrograms.java:290)
	at com.java.programs.AllPrograms.callBack(AllPrograms.java:290)
	at com.java.programs.AllPrograms.callBack(AllPrograms.java:290)
	at com.java.programs.AllPrograms.callBack(AllPrograms.java:290)
	at com.java.programs.AllPrograms.callBack(AllPrograms.java:290)
	at com.java.programs.AllPrograms.callBack(AllPrograms.java:290)
	at com.java.programs.AllPrograms.callBack(AllPrograms.java:290)
	at com.java.programs.AllPrograms.callBack(AllPrograms.java:290)
	at com.java.programs.AllPrograms.callBack(AllPrograms.java:290)
	at com.java.programs.AllPrograms.callBack(AllPrograms.java:290)
	at com.java.programs.AllPrograms.callBack(AllPrograms.java:290)
	at com.java.programs.AllPrograms.callBack(AllPrograms.java:290)
	at com.java.programs.AllPrograms.callBack(AllPrograms.java:290)
	at com.java.programs.AllPrograms.callBack(AllPrograms.java:290)
	at com.java.programs.AllPrograms.callBack(AllPrograms.java:290)
	at com.java.programs.AllPrograms.callBack(AllPrograms.java:290)
	at com.java.programs.AllPrograms.callBack(AllPrograms.java:290)
	at com.java.programs.AllPrograms.callBack(AllPrograms.java:290)
	at com.java.programs.AllPrograms.callBack(AllPrograms.java:290)
	at com.java.programs.AllPrograms.callBack(AllPrograms.java:290)
	at com.java.programs.AllPrograms.callBack(AllPrograms.java:290)
	at com.java.programs.AllPrograms.callBack(AllPrograms.java:290)
	at com.java.programs.AllPrograms.callBack(AllPrograms.java:290)
	at com.java.programs.AllPrograms.callBack(AllPrograms.java:290)
	at com.java.programs.AllPrograms.callBack(AllPrograms.java:290)
	at com.java.programs.AllPrograms.callBack(AllPrograms.java:290)
	at com.java.programs.AllPrograms.callBack(AllPrograms.java:290)
	at com.java.programs.AllPrograms.callBack(AllPrograms.java:290)
	at com.java.programs.AllPrograms.callBack(AllPrograms.java:290)
	at com.java.programs.AllPrograms.callBack(AllPrograms.java:290)
	at com.java.programs.AllPrograms.callBack(AllPrograms.java:290)
	at com.java.programs.AllPrograms.callBack(AllPrograms.java:290)
	at com.java.programs.AllPrograms.callBack(AllPrograms.java:290)
	at com.java.programs.AllPrograms.callBack(AllPrograms.java:290)
	at com.java.programs.AllPrograms.callBack(AllPrograms.java:290)
	at com.java.programs.AllPrograms.callBack(AllPrograms.java:290)
	at com.java.programs.AllPrograms.callBack(AllPrograms.java:290)
	at com.java.programs.AllPrograms.callBack(AllPrograms.java:290)
	at com.java.programs.AllPrograms.callBack(AllPrograms.java:290)
	at com.java.programs.AllPrograms.callBack(AllPrograms.java:290)
	at com.java.programs.AllPrograms.callBack(AllPrograms.java:290)
	at com.java.programs.AllPrograms.callBack(AllPrograms.java:290)
	at com.java.programs.AllPrograms.callBack(AllPrograms.java:290)
	at com.java.programs.AllPrograms.callBack(AllPrograms.java:290)
	at com.java.programs.AllPrograms.callBack(AllPrograms.java:290)
	at com.java.programs.AllPrograms.callBack(AllPrograms.java:290)
	at com.java.programs.AllPrograms.callBack(AllPrograms.java:290)
	at com.java.programs.AllPrograms.callBack(AllPrograms.java:290)
	at com.java.programs.AllPrograms.callBack(AllPrograms.java:290)
	at com.java.programs.AllPrograms.callBack(AllPrograms.java:290)
	at com.java.programs.AllPrograms.callBack(AllPrograms.java:290)
	at com.java.programs.AllPrograms.callBack(AllPrograms.java:290)
	at com.java.programs.AllPrograms.callBack(AllPrograms.java:290)
	at com.java.programs.AllPrograms.callBack(AllPrograms.java:290)
	at com.java.programs.AllPrograms.callBack(AllPrograms.java:290)
	at com.java.programs.AllPrograms.callBack(AllPrograms.java:290)
	at com.java.programs.AllPrograms.callBack(AllPrograms.java:290)
	at com.java.programs.AllPrograms.callBack(AllPrograms.java:290)
	at com.java.programs.AllPrograms.callBack(AllPrograms.java:290)
	at com.java.programs.AllPrograms.callBack(AllPrograms.java:290)
	at com.java.programs.AllPrograms.callBack(AllPrograms.java:290)
	at com.java.programs.AllPrograms.callBack(AllPrograms.java:290)
	at com.java.programs.AllPrograms.callBack(AllPrograms.java:290)
	at com.java.programs.AllPrograms.callBack(AllPrograms.java:290)
	at com.java.programs.AllPrograms.callBack(AllPrograms.java:290)
	at com.java.programs.AllPrograms.callBack(AllPrograms.java:290)
	at com.java.programs.AllPrograms.callBack(AllPrograms.java:290)
	at com.java.programs.AllPrograms.callBack(AllPrograms.java:290)
	at com.java.programs.AllPrograms.callBack(AllPrograms.java:290)
	at com.java.programs.AllPrograms.callBack(AllPrograms.java:290)
	at com.java.programs.AllPrograms.callBack(AllPrograms.java:290)
	at com.java.programs.AllPrograms.callBack(AllPrograms.java:290)
	at com.java.programs.AllPrograms.callBack(AllPrograms.java:290)
	at com.java.programs.AllPrograms.callBack(AllPrograms.java:290)
	at com.java.programs.AllPrograms.callBack(AllPrograms.java:290)
	at com.java.programs.AllPrograms.callBack(AllPrograms.java:290)
	at com.java.programs.AllPrograms.callBack(AllPrograms.java:290)
	at com.java.programs.AllPrograms.callBack(AllPrograms.java:290)
	at com.java.programs.AllPrograms.callBack(AllPrograms.java:290)
	at com.java.programs.AllPrograms.callBack(AllPrograms.java:290)
	at com.java.programs.AllPrograms.callBack(AllPrograms.java:290)
	at com.java.programs.AllPrograms.callBack(AllPrograms.java:290)
	at com.java.programs.AllPrograms.callBack(AllPrograms.java:290)
	at com.java.programs.AllPrograms.callBack(AllPrograms.java:290)
	at com.java.programs.AllPrograms.callBack(AllPrograms.java:290)
	at com.java.programs.AllPrograms.callBack(AllPrograms.java:290)
	at com.java.programs.AllPrograms.callBack(AllPrograms.java:290)
	at com.java.programs.AllPrograms.callBack(AllPrograms.java:290)
	at com.java.programs.AllPrograms.callBack(AllPrograms.java:290)
	at com.java.programs.AllPrograms.callBack(AllPrograms.java:290)
	at com.java.programs.AllPrograms.callBack(AllPrograms.java:290)
	at com.java.programs.AllPrograms.callBack(AllPrograms.java:290)
	at com.java.programs.AllPrograms.callBack(AllPrograms.java:290)
	at com.java.programs.AllPrograms.callBack(AllPrograms.java:290)
	at com.java.programs.AllPrograms.callBack(AllPrograms.java:290)
	at com.java.programs.AllPrograms.callBack(AllPrograms.java:290)
	at com.java.programs.AllPrograms.callBack(AllPrograms.java:290)
	at com.java.programs.AllPrograms.callBack(AllPrograms.java:290)
	at com.java.programs.AllPrograms.callBack(AllPrograms.java:290)
	at com.java.programs.AllPrograms.callBack(AllPrograms.java:290)
	at com.java.programs.AllPrograms.callBack(AllPrograms.java:290)
	at com.java.programs.AllPrograms.callBack(AllPrograms.java:290)
	at com.java.programs.AllPrograms.callBack(AllPrograms.java:290)
	at com.java.programs.AllPrograms.callBack(AllPrograms.java:290)
	at com.java.programs.AllPrograms.callBack(AllPrograms.java:290)
	at com.java.programs.AllPrograms.callBack(AllPrograms.java:290)
	at com.java.programs.AllPrograms.callBack(AllPrograms.java:290)
	at com.java.programs.AllPrograms.callBack(AllPrograms.java:290)
	at com.java.programs.AllPrograms.callBack(AllPrograms.java:290)
	at com.java.programs.AllPrograms.callBack(AllPrograms.java:290)
	at com.java.programs.AllPrograms.callBack(AllPrograms.java:290)
	at com.java.programs.AllPrograms.callBack(AllPrograms.java:290)
	at com.java.programs.AllPrograms.callBack(AllPrograms.java:290)
	at com.java.programs.AllPrograms.callBack(AllPrograms.java:290)
	at com.java.programs.AllPrograms.callBack(AllPrograms.java:290)
	at com.java.programs.AllPrograms.callBack(AllPrograms.java:290)
	at com.java.programs.AllPrograms.callBack(AllPrograms.java:290)
	at com.java.programs.AllPrograms.callBack(AllPrograms.java:290)
	at com.java.programs.AllPrograms.callBack(AllPrograms.java:290)
	at com.java.programs.AllPrograms.callBack(AllPrograms.java:290)
	at com.java.programs.AllPrograms.callBack(AllPrograms.java:290)
	at com.java.programs.AllPrograms.callBack(AllPrograms.java:290)
	at com.java.programs.AllPrograms.callBack(AllPrograms.java:290)
	at com.java.programs.AllPrograms.callBack(AllPrograms.java:290)
	at com.java.programs.AllPrograms.callBack(AllPrograms.java:290)
	at com.java.programs.AllPrograms.callBack(AllPrograms.java:290)
	at com.java.programs.AllPrograms.callBack(AllPrograms.java:290)
	at com.java.programs.AllPrograms.callBack(AllPrograms.java:290)
	at com.java.programs.AllPrograms.callBack(AllPrograms.java:290)
	at com.java.programs.AllPrograms.callBack(AllPrograms.java:290)
	at com.java.programs.AllPrograms.callBack(AllPrograms.java:290)
	at com.java.programs.AllPrograms.callBack(AllPrograms.java:290)
	at com.java.programs.AllPrograms.callBack(AllPrograms.java:290)
	at com.java.programs.AllPrograms.callBack(AllPrograms.java:290)
	at com.java.programs.AllPrograms.callBack(AllPrograms.java:290)
	at com.java.programs.AllPrograms.callBack(AllPrograms.java:290)
	at com.java.programs.AllPrograms.callBack(AllPrograms.java:290)
	at com.java.programs.AllPrograms.callBack(AllPrograms.java:290)
	at com.java.programs.AllPrograms.callBack(AllPrograms.java:290)
	at com.java.programs.AllPrograms.callBack(AllPrograms.java:290)
	at com.java.programs.AllPrograms.callBack(AllPrograms.java:290)
	at com.java.programs.AllPrograms.callBack(AllPrograms.java:290)
	at com.java.programs.AllPrograms.callBack(AllPrograms.java:290)
	at com.java.programs.AllPrograms.callBack(AllPrograms.java:290)
	at com.java.programs.AllPrograms.callBack(AllPrograms.java:290)
	at com.java.programs.AllPrograms.callBack(AllPrograms.java:290)
	at com.java.programs.AllPrograms.callBack(AllPrograms.java:290)
	at com.java.programs.AllPrograms.callBack(AllPrograms.java:290)
	at com.java.programs.AllPrograms.callBack(AllPrograms.java:290)
	at com.java.programs.AllPrograms.callBack(AllPrograms.java:290)
	at com.java.programs.AllPrograms.callBack(AllPrograms.java:290)
	at com.java.programs.AllPrograms.callBack(AllPrograms.java:290)
	at com.java.programs.AllPrograms.callBack(AllPrograms.java:290)
	at com.java.programs.AllPrograms.callBack(AllPrograms.java:290)
	at com.java.programs.AllPrograms.callBack(AllPrograms.java:290)
	at com.java.programs.AllPrograms.callBack(AllPrograms.java:290)
	at com.java.programs.AllPrograms.callBack(AllPrograms.java:290)
	at com.java.programs.AllPrograms.callBack(AllPrograms.java:290)
	at com.java.programs.AllPrograms.callBack(AllPrograms.java:290)
	at com.java.programs.AllPrograms.callBack(AllPrograms.java:290)
	at com.java.programs.AllPrograms.callBack(AllPrograms.java:290)
	at com.java.programs.AllPrograms.callBack(AllPrograms.java:290)
	at com.java.programs.AllPrograms.callBack(AllPrograms.java:290)
	at com.java.programs.AllPrograms.callBack(AllPrograms.java:290)
	at com.java.programs.AllPrograms.callBack(AllPrograms.java:290)
	at com.java.programs.AllPrograms.callBack(AllPrograms.java:290)
	at com.java.programs.AllPrograms.callBack(AllPrograms.java:290)
	at com.java.programs.AllPrograms.callBack(AllPrograms.java:290)
	at com.java.programs.AllPrograms.callBack(AllPrograms.java:290)
	at com.java.programs.AllPrograms.callBack(AllPrograms.java:290)
	at com.java.programs.AllPrograms.callBack(AllPrograms.java:290)
	at com.java.programs.AllPrograms.callBack(AllPrograms.java:290)
	at com.java.programs.AllPrograms.callBack(AllPrograms.java:290)
	at com.java.programs.AllPrograms.callBack(AllPrograms.java:290)
	at com.java.programs.AllPrograms.callBack(AllPrograms.java:290)
	at com.java.programs.AllPrograms.callBack(AllPrograms.java:290)
	at com.java.programs.AllPrograms.callBack(AllPrograms.java:290)
	at com.java.programs.AllPrograms.callBack(AllPrograms.java:290)
	at com.java.programs.AllPrograms.callBack(AllPrograms.java:290)
	at com.java.programs.AllPrograms.callBack(AllPrograms.java:290)
	at com.java.programs.AllPrograms.callBack(AllPrograms.java:290)
	at com.java.programs.AllPrograms.callBack(AllPrograms.java:290)
	at com.java.programs.AllPrograms.callBack(AllPrograms.java:290)
	at com.java.programs.AllPrograms.callBack(AllPrograms.java:290)
	at com.java.programs.AllPrograms.callBack(AllPrograms.java:290)
	at com.java.programs.AllPrograms.callBack(AllPrograms.java:290)
	at com.java.programs.AllPrograms.callBack(AllPrograms.java:290)
	at com.java.programs.AllPrograms.callBack(AllPrograms.java:290)
	at com.java.programs.AllPrograms.callBack(AllPrograms.java:290)
	at com.java.programs.AllPrograms.callBack(AllPrograms.java:290)
	at com.java.programs.AllPrograms.callBack(AllPrograms.java:290)
	at com.java.programs.AllPrograms.callBack(AllPrograms.java:290)
	at com.java.programs.AllPrograms.callBack(AllPrograms.java:290)
	at com.java.programs.AllPrograms.callBack(AllPrograms.java:290)
	at com.java.programs.AllPrograms.callBack(AllPrograms.java:290)
	at com.java.programs.AllPrograms.callBack(AllPrograms.java:290)
	at com.java.programs.AllPrograms.callBack(AllPrograms.java:290)
	at com.java.programs.AllPrograms.callBack(AllPrograms.java:290)
	at com.java.programs.AllPrograms.callBack(AllPrograms.java:290)
	at com.java.programs.AllPrograms.callBack(AllPrograms.java:290)
	at com.java.programs.AllPrograms.callBack(AllPrograms.java:290)
	at com.java.programs.AllPrograms.callBack(AllPrograms.java:290)
	at com.java.programs.AllPrograms.callBack(AllPrograms.java:290)
	at com.java.programs.AllPrograms.callBack(AllPrograms.java:290)
	at com.java.programs.AllPrograms.callBack(AllPrograms.java:290)
	at com.java.programs.AllPrograms.callBack(AllPrograms.java:290)
	at com.java.programs.AllPrograms.callBack(AllPrograms.java:290)
	at com.java.programs.AllPrograms.callBack(AllPrograms.java:290)
	at com.java.programs.AllPrograms.callBack(AllPrograms.java:290)
	at com.java.programs.AllPrograms.callBack(AllPrograms.java:290)
	at com.java.programs.AllPrograms.callBack(AllPrograms.java:290)
	at com.java.programs.AllPrograms.callBack(AllPrograms.java:290)
	at com.java.programs.AllPrograms.callBack(AllPrograms.java:290)
	at com.java.programs.AllPrograms.callBack(AllPrograms.java:290)
	at com.java.programs.AllPrograms.callBack(AllPrograms.java:290)
	at com.java.programs.AllPrograms.callBack(AllPrograms.java:290)
	at com.java.programs.AllPrograms.callBack(AllPrograms.java:290)
	at com.java.programs.AllPrograms.callBack(AllPrograms.java:290)
	at com.java.programs.AllPrograms.callBack(AllPrograms.java:290)
	at com.java.programs.AllPrograms.callBack(AllPrograms.java:290)
	at com.java.programs.AllPrograms.callBack(AllPrograms.java:290)
	at com.java.programs.AllPrograms.callBack(AllPrograms.java:290)
	at com.java.programs.AllPrograms.callBack(AllPrograms.java:290)
	at com.java.programs.AllPrograms.callBack(AllPrograms.java:290)
	at com.java.programs.AllPrograms.callBack(AllPrograms.java:290)
	at com.java.programs.AllPrograms.callBack(AllPrograms.java:290)
	at com.java.programs.AllPrograms.callBack(AllPrograms.java:290)
	at com.java.programs.AllPrograms.callBack(AllPrograms.java:290)
	at com.java.programs.AllPrograms.callBack(AllPrograms.java:290)
	at com.java.programs.AllPrograms.callBack(AllPrograms.java:290)
	at com.java.programs.AllPrograms.callBack(AllPrograms.java:290)
	at com.java.programs.AllPrograms.callBack(AllPrograms.java:290)
	at com.java.programs.AllPrograms.callBack(AllPrograms.java:290)
	at com.java.programs.AllPrograms.callBack(AllPrograms.java:290)
	at com.java.programs.AllPrograms.callBack(AllPrograms.java:290)
	at com.java.programs.AllPrograms.callBack(AllPrograms.java:290)
	at com.java.programs.AllPrograms.callBack(AllPrograms.java:290)
	at com.java.programs.AllPrograms.callBack(AllPrograms.java:290)
	at com.java.programs.AllPrograms.callBack(AllPrograms.java:290)
	at com.java.programs.AllPrograms.callBack(AllPrograms.java:290)
	at com.java.programs.AllPrograms.callBack(AllPrograms.java:290)
	at com.java.programs.AllPrograms.callBack(AllPrograms.java:290)
	at com.java.programs.AllPrograms.callBack(AllPrograms.java:290)
	at com.java.programs.AllPrograms.callBack(AllPrograms.java:290)
	at com.java.programs.AllPrograms.callBack(AllPrograms.java:290)
	at com.java.programs.AllPrograms.callBack(AllPrograms.java:290)
	at com.java.programs.AllPrograms.callBack(AllPrograms.java:290)
	at com.java.programs.AllPrograms.callBack(AllPrograms.java:290)
	at com.java.programs.AllPrograms.callBack(AllPrograms.java:290)
	at com.java.programs.AllPrograms.callBack(AllPrograms.java:290)
	at com.java.programs.AllPrograms.callBack(AllPrograms.java:290)
	at com.java.programs.AllPrograms.callBack(AllPrograms.java:290)
	at com.java.programs.AllPrograms.callBack(AllPrograms.java:290)
	at com.java.programs.AllPrograms.callBack(AllPrograms.java:290)
	at com.java.programs.AllPrograms.callBack(AllPrograms.java:290)
	at com.java.programs.AllPrograms.callBack(AllPrograms.java:290)
	at com.java.programs.AllPrograms.callBack(AllPrograms.java:290)
	at com.java.programs.AllPrograms.callBack(AllPrograms.java:290)
	at com.java.programs.AllPrograms.callBack(AllPrograms.java:290)
	at com.java.programs.AllPrograms.callBack(AllPrograms.java:290)
	at com.java.programs.AllPrograms.callBack(AllPrograms.java:290)
	at com.java.programs.AllPrograms.callBack(AllPrograms.java:290)
	at com.java.programs.AllPrograms.callBack(AllPrograms.java:290)
	at com.java.programs.AllPrograms.callBack(AllPrograms.java:290)
	at com.java.programs.AllPrograms.callBack(AllPrograms.java:290)
	at com.java.programs.AllPrograms.callBack(AllPrograms.java:290)
	at com.java.programs.AllPrograms.callBack(AllPrograms.java:290)
	at com.java.programs.AllPrograms.callBack(AllPrograms.java:290)
	at com.java.programs.AllPrograms.callBack(AllPrograms.java:290)
	at com.java.programs.AllPrograms.callBack(AllPrograms.java:290)
	at com.java.programs.AllPrograms.callBack(AllPrograms.java:290)
	at com.java.programs.AllPrograms.callBack(AllPrograms.java:290)
	at com.java.programs.AllPrograms.callBack(AllPrograms.java:290)
	at com.java.programs.AllPrograms.callBack(AllPrograms.java:290)
	at com.java.programs.AllPrograms.callBack(AllPrograms.java:290)
	at com.java.programs.AllPrograms.callBack(AllPrograms.java:290)
	at com.java.programs.AllPrograms.callBack(AllPrograms.java:290)
	at com.java.programs.AllPrograms.callBack(AllPrograms.java:290)
	at com.java.programs.AllPrograms.callBack(AllPrograms.java:290)
	at com.java.programs.AllPrograms.callBack(AllPrograms.java:290)
	at com.java.programs.AllPrograms.callBack(AllPrograms.java:290)
	at com.java.programs.AllPrograms.callBack(AllPrograms.java:290)
	at com.java.programs.AllPrograms.callBack(AllPrograms.java:290)
	at com.java.programs.AllPrograms.callBack(AllPrograms.java:290)
	at com.java.programs.AllPrograms.callBack(AllPrograms.java:290)
	at com.java.programs.AllPrograms.callBack(AllPrograms.java:290)
	at com.java.programs.AllPrograms.callBack(AllPrograms.java:290)
	at com.java.programs.AllPrograms.callBack(AllPrograms.java:290)
	at com.java.programs.AllPrograms.callBack(AllPrograms.java:290)
	at com.java.programs.AllPrograms.callBack(AllPrograms.java:290)
	at com.java.programs.AllPrograms.callBack(AllPrograms.java:290)
	at com.java.programs.AllPrograms.callBack(AllPrograms.java:290)
	at com.java.programs.AllPrograms.callBack(AllPrograms.java:290)
	at com.java.programs.AllPrograms.callBack(AllPrograms.java:290)
	at com.java.programs.AllPrograms.callBack(AllPrograms.java:290)
	at com.java.programs.AllPrograms.callBack(AllPrograms.java:290)
	at com.java.programs.AllPrograms.callBack(AllPrograms.java:290)
	at com.java.programs.AllPrograms.callBack(AllPrograms.java:290)
	at com.java.programs.AllPrograms.callBack(AllPrograms.java:290)
	at com.java.programs.AllPrograms.callBack(AllPrograms.java:290)
	at com.java.programs.AllPrograms.callBack(AllPrograms.java:290)
	at com.java.programs.AllPrograms.callBack(AllPrograms.java:290)
	at com.java.programs.AllPrograms.callBack(AllPrograms.java:290)
	at com.java.programs.AllPrograms.callBack(AllPrograms.java:290)
	at com.java.programs.AllPrograms.callBack(AllPrograms.java:290)
	at com.java.programs.AllPrograms.callBack(AllPrograms.java:290)
	at com.java.programs.AllPrograms.callBack(AllPrograms.java:290)
	at com.java.programs.AllPrograms.callBack(AllPrograms.java:290)
	at com.java.programs.AllPrograms.callBack(AllPrograms.java:290)
	at com.java.programs.AllPrograms.callBack(AllPrograms.java:290)
	at com.java.programs.AllPrograms.callBack(AllPrograms.java:290)
	at com.java.programs.AllPrograms.callBack(AllPrograms.java:290)
	at com.java.programs.AllPrograms.callBack(AllPrograms.java:290)
	at com.java.programs.AllPrograms.callBack(AllPrograms.java:290)
	at com.java.programs.AllPrograms.callBack(AllPrograms.java:290)
	at com.java.programs.AllPrograms.callBack(AllPrograms.java:290)
	at com.java.programs.AllPrograms.callBack(AllPrograms.java:290)
	at com.java.programs.AllPrograms.callBack(AllPrograms.java:290)
	at com.java.programs.AllPrograms.callBack(AllPrograms.java:290)
	at com.java.programs.AllPrograms.callBack(AllPrograms.java:290)
	at com.java.programs.AllPrograms.callBack(AllPrograms.java:290)
	at com.java.programs.AllPrograms.callBack(AllPrograms.java:290)
	at com.java.programs.AllPrograms.callBack(AllPrograms.java:290)
	at com.java.programs.AllPrograms.callBack(AllPrograms.java:290)
	at com.java.programs.AllPrograms.callBack(AllPrograms.java:290)
	at com.java.programs.AllPrograms.callBack(AllPrograms.java:290)
	at com.java.programs.AllPrograms.callBack(AllPrograms.java:290)
	at com.java.programs.AllPrograms.callBack(AllPrograms.java:290)
	at com.java.programs.AllPrograms.callBack(AllPrograms.java:290)
	at com.java.programs.AllPrograms.callBack(AllPrograms.java:290)
	at com.java.programs.AllPrograms.callBack(AllPrograms.java:290)
	at com.java.programs.AllPrograms.callBack(AllPrograms.java:290)
	at com.java.programs.AllPrograms.callBack(AllPrograms.java:290)
	at com.java.programs.AllPrograms.callBack(AllPrograms.java:290)
	at com.java.programs.AllPrograms.callBack(AllPrograms.java:290)
	at com.java.programs.AllPrograms.callBack(AllPrograms.java:290)
	at com.java.programs.AllPrograms.callBack(AllPrograms.java:290)
	at com.java.programs.AllPrograms.callBack(AllPrograms.java:290)
	at com.java.programs.AllPrograms.callBack(AllPrograms.java:290)
	at com.java.programs.AllPrograms.callBack(AllPrograms.java:290)
	at com.java.programs.AllPrograms.callBack(AllPrograms.java:290)
	at com.java.programs.AllPrograms.callBack(AllPrograms.java:290)
	at com.java.programs.AllPrograms.callBack(AllPrograms.java:290)
	at com.java.programs.AllPrograms.callBack(AllPrograms.java:290)
	at com.java.programs.AllPrograms.callBack(AllPrograms.java:290)
	at com.java.programs.AllPrograms.callBack(AllPrograms.java:290)
	at com.java.programs.AllPrograms.callBack(AllPrograms.java:290)
	at com.java.programs.AllPrograms.callBack(AllPrograms.java:290)
	at com.java.programs.AllPrograms.callBack(AllPrograms.java:290)
	at com.java.programs.AllPrograms.callBack(AllPrograms.java:290)
	at com.java.programs.AllPrograms.callBack(AllPrograms.java:290)
	at com.java.programs.AllPrograms.callBack(AllPrograms.java:290)
	at com.java.programs.AllPrograms.callBack(AllPrograms.java:290)
	at com.java.programs.AllPrograms.callBack(AllPrograms.java:290)
	at com.java.programs.AllPrograms.callBack(AllPrograms.java:290)
	at com.java.programs.AllPrograms.callBack(AllPrograms.java:290)
	at com.java.programs.AllPrograms.callBack(AllPrograms.java:290)
	at com.java.programs.AllPrograms.callBack(AllPrograms.java:290)
	at com.java.programs.AllPrograms.callBack(AllPrograms.java:290)
	at com.java.programs.AllPrograms.callBack(AllPrograms.java:290)
	at com.java.programs.AllPrograms.callBack(AllPrograms.java:290)
	at com.java.programs.AllPrograms.callBack(AllPrograms.java:290)
	at com.java.programs.AllPrograms.callBack(AllPrograms.java:290)
	at com.java.programs.AllPrograms.callBack(AllPrograms.java:290)
	at com.java.programs.AllPrograms.callBack(AllPrograms.java:290)
	at com.java.programs.AllPrograms.callBack(AllPrograms.java:290)
	at com.java.programs.AllPrograms.callBack(AllPrograms.java:290)
	at com.java.programs.AllPrograms.callBack(AllPrograms.java:290)
	at com.java.programs.AllPrograms.callBack(AllPrograms.java:290)
	at com.java.programs.AllPrograms.callBack(AllPrograms.java:290)
	at com.java.programs.AllPrograms.callBack(AllPrograms.java:290)
	at com.java.programs.AllPrograms.callBack(AllPrograms.java:290)
	at com.java.programs.AllPrograms.callBack(AllPrograms.java:290)
	at com.java.programs.AllPrograms.callBack(AllPrograms.java:290)
	at com.java.programs.AllPrograms.callBack(AllPrograms.java:290)
	at com.java.programs.AllPrograms.callBack(AllPrograms.java:290)
	at com.java.programs.AllPrograms.callBack(AllPrograms.java:290)
	at com.java.programs.AllPrograms.callBack(AllPrograms.java:290)
	at com.java.programs.AllPrograms.callBack(AllPrograms.java:290)
	at com.java.programs.AllPrograms.callBack(AllPrograms.java:290)
	at com.java.programs.AllPrograms.callBack(AllPrograms.java:290)
	at com.java.programs.AllPrograms.callBack(AllPrograms.java:290)
	at com.java.programs.AllPrograms.callBack(AllPrograms.java:290)
	at com.java.programs.AllPrograms.callBack(AllPrograms.java:290)
	at com.java.programs.AllPrograms.callBack(AllPrograms.java:290)
	at com.java.programs.AllPrograms.callBack(AllPrograms.java:290)
	at com.java.programs.AllPrograms.callBack(AllPrograms.java:290)
	at com.java.programs.AllPrograms.callBack(AllPrograms.java:290)
	at com.java.programs.AllPrograms.callBack(AllPrograms.java:290)
	at com.java.programs.AllPrograms.callBack(AllPrograms.java:290)
	at com.java.programs.AllPrograms.callBack(AllPrograms.java:290)
	at com.java.programs.AllPrograms.callBack(AllPrograms.java:290)
	at com.java.programs.AllPrograms.callBack(AllPrograms.java:290)
	at com.java.programs.AllPrograms.callBack(AllPrograms.java:290)
	at com.java.programs.AllPrograms.callBack(AllPrograms.java:290)
	at com.java.programs.AllPrograms.callBack(AllPrograms.java:290)
	at com.java.programs.AllPrograms.callBack(AllPrograms.java:290)
	at com.java.programs.AllPrograms.callBack(AllPrograms.java:290)
	at com.java.programs.AllPrograms.callBack(AllPrograms.java:290)
	at com.java.programs.AllPrograms.callBack(AllPrograms.java:290)
	at com.java.programs.AllPrograms.callBack(AllPrograms.java:290)
	at com.java.programs.AllPrograms.callBack(AllPrograms.java:290)
	at com.java.programs.AllPrograms.callBack(AllPrograms.java:290)
	at com.java.programs.AllPrograms.callBack(AllPrograms.java:290)
	at com.java.programs.AllPrograms.callBack(AllPrograms.java:290)
	at com.java.programs.AllPrograms.callBack(AllPrograms.java:290)
	at com.java.programs.AllPrograms.callBack(AllPrograms.java:290)
	at com.java.programs.AllPrograms.callBack(AllPrograms.java:290)
	at com.java.programs.AllPrograms.callBack(AllPrograms.java:290)
	at com.java.programs.AllPrograms.callBack(AllPrograms.java:290)
	at com.java.programs.AllPrograms.callBack(AllPrograms.java:290)
	at com.java.programs.AllPrograms.callBack(AllPrograms.java:290)
	at com.java.programs.AllPrograms.callBack(AllPrograms.java:290)
	at com.java.programs.AllPrograms.callBack(AllPrograms.java:290)
	at com.java.programs.AllPrograms.callBack(AllPrograms.java:290)
	at com.java.programs.AllPrograms.callBack(AllPrograms.java:290)
	at com.java.programs.AllPrograms.callBack(AllPrograms.java:290)
	at com.java.programs.AllPrograms.callBack(AllPrograms.java:290)
	at com.java.programs.AllPrograms.callBack(AllPrograms.java:290)
	at com.java.programs.AllPrograms.callBack(AllPrograms.java:290)
	at com.java.programs.AllPrograms.callBack(AllPrograms.java:290)
	at com.java.programs.AllPrograms.callBack(AllPrograms.java:290)
	at com.java.programs.AllPrograms.callBack(AllPrograms.java:290)
	at com.java.programs.AllPrograms.callBack(AllPrograms.java:290)
	at com.java.programs.AllPrograms.callBack(AllPrograms.java:290)
	at com.java.programs.AllPrograms.callBack(AllPrograms.java:290)
	at com.java.programs.AllPrograms.callBack(AllPrograms.java:290)
	at com.java.programs.AllPrograms.callBack(AllPrograms.java:290)
	at com.java.programs.AllPrograms.callBack(AllPrograms.java:290)
	at com.java.programs.AllPrograms.callBack(AllPrograms.java:290)
	at com.java.programs.AllPrograms.callBack(AllPrograms.java:290)
	at com.java.programs.AllPrograms.callBack(AllPrograms.java:290)
	at com.java.programs.AllPrograms.callBack(AllPrograms.java:290)
	at com.java.programs.AllPrograms.callBack(AllPrograms.java:290)
	at com.java.programs.AllPrograms.callBack(AllPrograms.java:290)
	at com.java.programs.AllPrograms.callBack(AllPrograms.java:290)
	at com.java.programs.AllPrograms.callBack(AllPrograms.java:290)
	at com.java.programs.AllPrograms.callBack(AllPrograms.java:290)
	at com.java.programs.AllPrograms.callBack(AllPrograms.java:290)
	at com.java.programs.AllPrograms.callBack(AllPrograms.java:290)
	at com.java.programs.AllPrograms.callBack(AllPrograms.java:290)
	at com.java.programs.AllPrograms.callBack(AllPrograms.java:290)
	at com.java.programs.AllPrograms.callBack(AllPrograms.java:290)
	at com.java.programs.AllPrograms.callBack(AllPrograms.java:290)
	at com.java.programs.AllPrograms.callBack(AllPrograms.java:290)
	at com.java.programs.AllPrograms.callBack(AllPrograms.java:290)
	at com.java.programs.AllPrograms.callBack(AllPrograms.java:290)
	at com.java.programs.AllPrograms.callBack(AllPrograms.java:290)
	at com.java.programs.AllPrograms.callBack(AllPrograms.java:290)
	at com.java.programs.AllPrograms.callBack(AllPrograms.java:290)
	at com.java.programs.AllPrograms.callBack(AllPrograms.java:290)
	at com.java.programs.AllPrograms.callBack(AllPrograms.java:290)
	at com.java.programs.AllPrograms.callBack(AllPrograms.java:290)
	at com.java.programs.AllPrograms.callBack(AllPrograms.java:290)
	at com.java.programs.AllPrograms.callBack(AllPrograms.java:290)
	at com.java.programs.AllPrograms.callBack(AllPrograms.java:290)
	at com.java.programs.AllPrograms.callBack(AllPrograms.java:290)
	at com.java.programs.AllPrograms.callBack(AllPrograms.java:290)
	at com.java.programs.AllPrograms.callBack(AllPrograms.java:290)
	at com.java.programs.AllPrograms.callBack(AllPrograms.java:290)
	at com.java.programs.AllPrograms.callBack(AllPrograms.java:290)
	at com.java.programs.AllPrograms.callBack(AllPrograms.java:290)
	at com.java.programs.AllPrograms.callBack(AllPrograms.java:290)
	at com.java.programs.AllPrograms.callBack(AllPrograms.java:290)
	at com.java.programs.AllPrograms.callBack(AllPrograms.java:290)
	at com.java.programs.AllPrograms.callBack(AllPrograms.java:290)
	at com.java.programs.AllPrograms.callBack(AllPrograms.java:290)
	at com.java.programs.AllPrograms.callBack(AllPrograms.java:290)
	at com.java.programs.AllPrograms.callBack(AllPrograms.java:290)
	at com.java.programs.AllPrograms.callBack(AllPrograms.java:290)
	at com.java.programs.AllPrograms.callBack(AllPrograms.java:290)
	at com.java.programs.AllPrograms.callBack(AllPrograms.java:290)
	at com.java.programs.AllPrograms.callBack(AllPrograms.java:290)
	at com.java.programs.AllPrograms.callBack(AllPrograms.java:290)
	at com.java.programs.AllPrograms.callBack(AllPrograms.java:290)
	at com.java.programs.AllPrograms.callBack(AllPrograms.java:290)
	at com.java.programs.AllPrograms.callBack(AllPrograms.java:290)
	at com.java.programs.AllPrograms.callBack(AllPrograms.java:290)
	at com.java.programs.AllPrograms.callBack(AllPrograms.java:290)
	at com.java.programs.AllPrograms.callBack(AllPrograms.java:290)
	at com.java.programs.AllPrograms.callBack(AllPrograms.java:290)
	at com.java.programs.AllPrograms.callBack(AllPrograms.java:290)
	at com.java.programs.AllPrograms.callBack(AllPrograms.java:290)
	at com.java.programs.AllPrograms.callBack(AllPrograms.java:290)
	at com.java.programs.AllPrograms.callBack(AllPrograms.java:290)
	at com.java.programs.AllPrograms.callBack(AllPrograms.java:290)
	at com.java.programs.AllPrograms.callBack(AllPrograms.java:290)
	at com.java.programs.AllPrograms.callBack(AllPrograms.java:290)
	at com.java.programs.AllPrograms.callBack(AllPrograms.java:290)
	at com.java.programs.AllPrograms.callBack(AllPrograms.java:290)
	at com.java.programs.AllPrograms.callBack(AllPrograms.java:290)
	at com.java.programs.AllPrograms.callBack(AllPrograms.java:290)
	at com.java.programs.AllPrograms.callBack(AllPrograms.java:290)
	at com.java.programs.AllPrograms.callBack(AllPrograms.java:290)
	at com.java.programs.AllPrograms.callBack(AllPrograms.java:290)
	at com.java.programs.AllPrograms.callBack(AllPrograms.java:290)
	at com.java.programs.AllPrograms.callBack(AllPrograms.java:290)
	at com.java.programs.AllPrograms.callBack(AllPrograms.java:290)
	at com.java.programs.AllPrograms.callBack(AllPrograms.java:290)
	at com.java.programs.AllPrograms.callBack(AllPrograms.java:290)
	at com.java.programs.AllPrograms.callBack(AllPrograms.java:290)
	at com.java.programs.AllPrograms.callBack(AllPrograms.java:290)
	at com.java.programs.AllPrograms.callBack(AllPrograms.java:290)
	at com.java.programs.AllPrograms.callBack(AllPrograms.java:290)
	at com.java.programs.AllPrograms.callBack(AllPrograms.java:290)
	at com.java.programs.AllPrograms.callBack(AllPrograms.java:290)
	at com.java.programs.AllPrograms.callBack(AllPrograms.java:290)
	at com.java.programs.AllPrograms.callBack(AllPrograms.java:290)
	at com.java.programs.AllPrograms.callBack(AllPrograms.java:290)
	at com.java.programs.AllPrograms.callBack(AllPrograms.java:290)
	at com.java.programs.AllPrograms.callBack(AllPrograms.java:290)
	at com.java.programs.AllPrograms.callBack(AllPrograms.java:290)
	at com.java.programs.AllPrograms.callBack(AllPrograms.java:290)
	at com.java.programs.AllPrograms.callBack(AllPrograms.java:290)
	at com.java.programs.AllPrograms.callBack(AllPrograms.java:290)
	at com.java.programs.AllPrograms.callBack(AllPrograms.java:290)
	at com.java.programs.AllPrograms.callBack(AllPrograms.java:290)
	at com.java.programs.AllPrograms.callBack(AllPrograms.java:290)
	at com.java.programs.AllPrograms.callBack(AllPrograms.java:290)
	at com.java.programs.AllPrograms.callBack(AllPrograms.java:290)
	at com.java.programs.AllPrograms.callBack(AllPrograms.java:290)
	at com.java.programs.AllPrograms.callBack(AllPrograms.java:290)
	at com.java.programs.AllPrograms.callBack(AllPrograms.java:290)
	at com.java.programs.AllPrograms.callBack(AllPrograms.java:290)
	at com.java.programs.AllPrograms.callBack(AllPrograms.java:290)
	at com.java.programs.AllPrograms.callBack(AllPrograms.java:290)
	at com.java.programs.AllPrograms.callBack(AllPrograms.java:290)
	at com.java.programs.AllPrograms.callBack(AllPrograms.java:290)
	at com.java.programs.AllPrograms.callBack(AllPrograms.java:290)
	at com.java.programs.AllPrograms.callBack(AllPrograms.java:290)
	at com.java.programs.AllPrograms.callBack(AllPrograms.java:290)
	at com.java.programs.AllPrograms.callBack(AllPrograms.java:290)
	at com.java.programs.AllPrograms.callBack(AllPrograms.java:290)
	at com.java.programs.AllPrograms.callBack(AllPrograms.java:290)
	at com.java.programs.AllPrograms.callBack(AllPrograms.java:290)
	at com.java.programs.AllPrograms.callBack(AllPrograms.java:290)
	at com.java.programs.AllPrograms.callBack(AllPrograms.java:290)
	at com.java.programs.AllPrograms.callBack(AllPrograms.java:290)
	at com.java.programs.AllPrograms.callBack(AllPrograms.java:290)
	at com.java.programs.AllPrograms.callBack(AllPrograms.java:290)
	at com.java.programs.AllPrograms.callBack(AllPrograms.java:290)
	at com.java.programs.AllPrograms.callBack(AllPrograms.java:290)
	at com.java.programs.AllPrograms.callBack(AllPrograms.java:290)
	at com.java.programs.AllPrograms.callBack(AllPrograms.java:290)
	at com.java.programs.AllPrograms.callBack(AllPrograms.java:290)
	at com.java.programs.AllPrograms.callBack(AllPrograms.java:290)
	at com.java.programs.AllPrograms.callBack(AllPrograms.java:290)
	at com.java.programs.AllPrograms.callBack(AllPrograms.java:290)
	at com.java.programs.AllPrograms.callBack(AllPrograms.java:290)
	at com.java.programs.AllPrograms.callBack(AllPrograms.java:290)
	at com.java.programs.AllPrograms.callBack(AllPrograms.java:290)
	at com.java.programs.AllPrograms.callBack(AllPrograms.java:290)
	at com.java.programs.AllPrograms.callBack(AllPrograms.java:290)
	at com.java.programs.AllPrograms.callBack(AllPrograms.java:290)
	at com.java.programs.AllPrograms.callBack(AllPrograms.java:290)
	at com.java.programs.AllPrograms.callBack(AllPrograms.java:290)
	at com.java.programs.AllPrograms.callBack(AllPrograms.java:290)
	at com.java.programs.AllPrograms.callBack(AllPrograms.java:290)
	at com.java.programs.AllPrograms.callBack(AllPrograms.java:290)
	at com.java.programs.AllPrograms.callBack(AllPrograms.java:290)
	at com.java.programs.AllPrograms.callBack(AllPrograms.java:290)
	at com.java.programs.AllPrograms.callBack(AllPrograms.java:290)
	at com.java.programs.AllPrograms.callBack(AllPrograms.java:290)
	at com.java.programs.AllPrograms.callBack(AllPrograms.java:290)
	at com.java.programs.AllPrograms.callBack(AllPrograms.java:290)
	at com.java.programs.AllPrograms.callBack(AllPrograms.java:290)
	at com.java.programs.AllPrograms.callBack(AllPrograms.java:290)
	at com.java.programs.AllPrograms.callBack(AllPrograms.java:290)
	at com.java.programs.AllPrograms.callBack(AllPrograms.java:290)
	at com.java.programs.AllPrograms.callBack(AllPrograms.java:290)
	at com.java.programs.AllPrograms.callBack(AllPrograms.java:290)
	at com.java.programs.AllPrograms.callBack(AllPrograms.java:290)
	at com.java.programs.AllPrograms.callBack(AllPrograms.java:290)
	at com.java.programs.AllPrograms.callBack(AllPrograms.java:290)
	at com.java.programs.AllPrograms.callBack(AllPrograms.java:290)
	at com.java.programs.AllPrograms.callBack(AllPrograms.java:290)
	at com.java.programs.AllPrograms.callBack(AllPrograms.java:290)
	at com.java.programs.AllPrograms.callBack(AllPrograms.java:290)
	at com.java.programs.AllPrograms.callBack(AllPrograms.java:290)
	at com.java.programs.AllPrograms.callBack(AllPrograms.java:290)
	at com.java.programs.AllPrograms.callBack(AllPrograms.java:290)
	at com.java.programs.AllPrograms.callBack(AllPrograms.java:290)
	at com.java.programs.AllPrograms.callBack(AllPrograms.java:290)
	at com.java.programs.AllPrograms.callBack(AllPrograms.java:290)
	at com.java.programs.AllPrograms.callBack(AllPrograms.java:290)
	at com.java.programs.AllPrograms.callBack(AllPrograms.java:290)
	at com.java.programs.AllPrograms.callBack(AllPrograms.java:290)
	at com.java.programs.AllPrograms.callBack(AllPrograms.java:290)
	at com.java.programs.AllPrograms.callBack(AllPrograms.java:290)
	at com.java.programs.AllPrograms.callBack(AllPrograms.java:290)
	at com.java.programs.AllPrograms.callBack(AllPrograms.java:290)
	at com.java.programs.AllPrograms.callBack(AllPrograms.java:290)
	at com.java.programs.AllPrograms.callBack(AllPrograms.java:290)
	at com.java.programs.AllPrograms.callBack(AllPrograms.java:290)
	at com.java.programs.AllPrograms.callBack(AllPrograms.java:290)
	at com.java.programs.AllPrograms.callBack(AllPrograms.java:290)
	at com.java.programs.AllPrograms.callBack(AllPrograms.java:290)
	at com.java.programs.AllPrograms.callBack(AllPrograms.java:290)
	at com.java.programs.AllPrograms.callBack(AllPrograms.java:290)
	at com.java.programs.AllPrograms.callBack(AllPrograms.java:290)
	at com.java.programs.AllPrograms.callBack(AllPrograms.java:290)
	at com.java.programs.AllPrograms.callBack(AllPrograms.java:290)
	at com.java.programs.AllPrograms.callBack(AllPrograms.java:290)
	at com.java.programs.AllPrograms.callBack(AllPrograms.java:290)
	at com.java.programs.AllPrograms.callBack(AllPrograms.java:290)
	at com.java.programs.AllPrograms.callBack(AllPrograms.java:290)
	at com.java.programs.AllPrograms.callBack(AllPrograms.java:290)
	at com.java.programs.AllPrograms.callBack(AllPrograms.java:290)
	at com.java.programs.AllPrograms.callBack(AllPrograms.java:290)
	at com.java.programs.AllPrograms.callBack(AllPrograms.java:290)
	at com.java.programs.AllPrograms.callBack(AllPrograms.java:290)
	at com.java.programs.AllPrograms.callBack(AllPrograms.java:290)
	at com.java.programs.AllPrograms.callBack(AllPrograms.java:290)
	at com.java.programs.AllPrograms.callBack(AllPrograms.java:290)
	at com.java.programs.AllPrograms.callBack(AllPrograms.java:290)
	at com.java.programs.AllPrograms.callBack(AllPrograms.java:290)
	at com.java.programs.AllPrograms.callBack(AllPrograms.java:290)
	at com.java.programs.AllPrograms.callBack(AllPrograms.java:290)
	at com.java.programs.AllPrograms.callBack(AllPrograms.java:290)
	at com.java.programs.AllPrograms.callBack(AllPrograms.java:290)
	at com.java.programs.AllPrograms.callBack(AllPrograms.java:290)
	at com.java.programs.AllPrograms.callBack(AllPrograms.java:290)
	at com.java.programs.AllPrograms.callBack(AllPrograms.java:290)
	at com.java.programs.AllPrograms.callBack(AllPrograms.java:290)
	at com.java.programs.AllPrograms.callBack(AllPrograms.java:290)
	at com.java.programs.AllPrograms.callBack(AllPrograms.java:290)
	at com.java.programs.AllPrograms.callBack(AllPrograms.java:290)
	at com.java.programs.AllPrograms.callBack(AllPrograms.java:290)
	at com.java.programs.AllPrograms.callBack(AllPrograms.java:290)
	at com.java.programs.AllPrograms.callBack(AllPrograms.java:290)
	at com.java.programs.AllPrograms.callBack(AllPrograms.java:290)
	at com.java.programs.AllPrograms.callBack(AllPrograms.java:290)
	at com.java.programs.AllPrograms.callBack(AllPrograms.java:290)
	at com.java.programs.AllPrograms.callBack(AllPrograms.java:290)
	at com.java.programs.AllPrograms.callBack(AllPrograms.java:290)
	at com.java.programs.AllPrograms.callBack(AllPrograms.java:290)
	at com.java.programs.AllPrograms.callBack(AllPrograms.java:290)
	at com.java.programs.AllPrograms.callBack(AllPrograms.java:290)
	at com.java.programs.AllPrograms.callBack(AllPrograms.java:290)
	at com.java.programs.AllPrograms.callBack(AllPrograms.java:290)
	at com.java.programs.AllPrograms.callBack(AllPrograms.java:290)
	at com.java.programs.AllPrograms.callBack(AllPrograms.java:290)
	at com.java.programs.AllPrograms.callBack(AllPrograms.java:290)
	at com.java.programs.AllPrograms.callBack(AllPrograms.java:290)
	at com.java.programs.AllPrograms.callBack(AllPrograms.java:290)
	at com.java.programs.AllPrograms.callBack(AllPrograms.java:290)
	at com.java.programs.AllPrograms.callBack(AllPrograms.java:290)
	at com.java.programs.AllPrograms.callBack(AllPrograms.java:290)
	at com.java.programs.AllPrograms.callBack(AllPrograms.java:290)
	at com.java.programs.AllPrograms.callBack(AllPrograms.java:290)
	at com.java.programs.AllPrograms.callBack(AllPrograms.java:290)
	at com.java.programs.AllPrograms.callBack(AllPrograms.java:290)
	at com.java.programs.AllPrograms.callBack(AllPrograms.java:290)
	at com.java.programs.AllPrograms.callBack(AllPrograms.java:290)
	at com.java.programs.AllPrograms.callBack(AllPrograms.java:290)
	at com.java.programs.AllPrograms.callBack(AllPrograms.java:290)
	at com.java.programs.AllPrograms.callBack(AllPrograms.java:290)
	at com.java.programs.AllPrograms.callBack(AllPrograms.java:290)
	at com.java.programs.AllPrograms.callBack(AllPrograms.java:290)
	at com.java.programs.AllPrograms.callBack(AllPrograms.java:290)
	at com.java.programs.AllPrograms.callBack(AllPrograms.java:290)
	at com.java.programs.AllPrograms.callBack(AllPrograms.java:290)
	at com.java.programs.AllPrograms.callBack(AllPrograms.java:290)
	at com.java.programs.AllPrograms.callBack(AllPrograms.java:290)
	at com.java.programs.AllPrograms.callBack(AllPrograms.java:290)
	at com.java.programs.AllPrograms.callBack(AllPrograms.java:290)
	at com.java.programs.AllPrograms.callBack(AllPrograms.java:290)
	at com.java.programs.AllPrograms.callBack(AllPrograms.java:290)
	at com.java.programs.AllPrograms.callBack(AllPrograms.java:290)
	at com.java.programs.AllPrograms.callBack(AllPrograms.java:290)
	at com.java.programs.AllPrograms.callBack(AllPrograms.java:290)
	at com.java.programs.AllPrograms.callBack(AllPrograms.java:290)
	at com.java.programs.AllPrograms.callBack(AllPrograms.java:290)
	at com.java.programs.AllPrograms.callBack(AllPrograms.java:290)
	at com.java.programs.AllPrograms.callBack(AllPrograms.java:290)
	at com.java.programs.AllPrograms.callBack(AllPrograms.java:290)
	at com.java.programs.AllPrograms.callBack(AllPrograms.java:290)
	at com.java.programs.AllPrograms.callBack(AllPrograms.java:290)
	at com.java.programs.AllPrograms.callBack(AllPrograms.java:290)
	at com.java.programs.AllPrograms.callBack(AllPrograms.java:290)
	at com.java.programs.AllPrograms.callBack(AllPrograms.java:290)
	at com.java.programs.AllPrograms.callBack(AllPrograms.java:290)
	at com.java.programs.AllPrograms.callBack(AllPrograms.java:290)
	at com.java.programs.AllPrograms.callBack(AllPrograms.java:290)
	at com.java.programs.AllPrograms.callBack(AllPrograms.java:290)
	at com.java.programs.AllPrograms.callBack(AllPrograms.java:290)
	at com.java.programs.AllPrograms.callBack(AllPrograms.java:290)
	at com.java.programs.AllPrograms.callBack(AllPrograms.java:290)
	at com.java.programs.AllPrograms.callBack(AllPrograms.java:290)
	at com.java.programs.AllPrograms.callBack(AllPrograms.java:290)
	at com.java.programs.AllPrograms.callBack(AllPrograms.java:290)
	at com.java.programs.AllPrograms.callBack(AllPrograms.java:290)
	at com.java.programs.AllPrograms.callBack(AllPrograms.java:290)
	at com.java.programs.AllPrograms.callBack(AllPrograms.java:290)
	at com.java.programs.AllPrograms.callBack(AllPrograms.java:290)
	at com.java.programs.AllPrograms.callBack(AllPrograms.java:290)
	at com.java.programs.AllPrograms.callBack(AllPrograms.java:290)
	at com.java.programs.AllPrograms.callBack(AllPrograms.java:290)
	at com.java.programs.AllPrograms.callBack(AllPrograms.java:290)
	at com.java.programs.AllPrograms.callBack(AllPrograms.java:290)
	at com.java.programs.AllPrograms.callBack(AllPrograms.java:290)
	at com.java.programs.AllPrograms.callBack(AllPrograms.java:290)
	at com.java.programs.AllPrograms.callBack(AllPrograms.java:290)
	at com.java.programs.AllPrograms.callBack(AllPrograms.java:290)
	at com.java.programs.AllPrograms.callBack(AllPrograms.java:290)
	at com.java.programs.AllPrograms.callBack(AllPrograms.java:290)
	at com.java.programs.AllPrograms.callBack(AllPrograms.java:290)
	at com.java.programs.AllPrograms.callBack(AllPrograms.java:290)
	at com.java.programs.AllPrograms.callBack(AllPrograms.java:290)
	at com.java.programs.AllPrograms.callBack(AllPrograms.java:290)
	at com.java.programs.AllPrograms.callBack(AllPrograms.java:290)
	at com.java.programs.AllPrograms.callBack(AllPrograms.java:290)
	at com.java.programs.AllPrograms.callBack(AllPrograms.java:290)
	at com.java.programs.AllPrograms.callBack(AllPrograms.java:290)
	at com.java.programs.AllPrograms.callBack(AllPrograms.java:290)
	at com.java.programs.AllPrograms.callBack(AllPrograms.java:290)
	at com.java.programs.AllPrograms.callBack(AllPrograms.java:290)
	at com.java.programs.AllPrograms.callBack(AllPrograms.java:290)
	at com.java.programs.AllPrograms.callBack(AllPrograms.java:290)
	at com.java.programs.AllPrograms.callBack(AllPrograms.java:290)
	at com.java.programs.AllPrograms.callBack(AllPrograms.java:290)
	at com.java.programs.AllPrograms.callBack(AllPrograms.java:290)
	at com.java.programs.AllPrograms.callBack(AllPrograms.java:290)
	at com.java.programs.AllPrograms.callBack(AllPrograms.java:290)
	at com.java.programs.AllPrograms.callBack(AllPrograms.java:290)
	at com.java.programs.AllPrograms.callBack(AllPrograms.java:290)
	at com.java.programs.AllPrograms.callBack(AllPrograms.java:290)
	at com.java.programs.AllPrograms.callBack(AllPrograms.java:290)
	at com.java.programs.AllPrograms.callBack(AllPrograms.java:290)
	at com.java.programs.AllPrograms.callBack(AllPrograms.java:290)
	at com.java.programs.AllPrograms.callBack(AllPrograms.java:290)
	at com.java.programs.AllPrograms.callBack(AllPrograms.java:290)
	at com.java.programs.AllPrograms.callBack(AllPrograms.java:290)
	at com.java.programs.AllPrograms.callBack(AllPrograms.java:290)
	at com.java.programs.AllPrograms.callBack(AllPrograms.java:290)
	at com.java.programs.AllPrograms.callBack(AllPrograms.java:290)
	at com.java.programs.AllPrograms.callBack(AllPrograms.java:290)
	at com.java.programs.AllPrograms.callBack(AllPrograms.java:290)
	at com.java.programs.AllPrograms.callBack(AllPrograms.java:290)
	at com.java.programs.AllPrograms.callBack(AllPrograms.java:290)
	at com.java.programs.AllPrograms.callBack(AllPrograms.java:290)
	at com.java.programs.AllPrograms.callBack(AllPrograms.java:290)
	at com.java.programs.AllPrograms.callBack(AllPrograms.java:290)
	at com.java.programs.AllPrograms.callBack(AllPrograms.java:290)
	at com.java.programs.AllPrograms.callBack(AllPrograms.java:290)
	at com.java.programs.AllPrograms.callBack(AllPrograms.java:290)
	at com.java.programs.AllPrograms.callBack(AllPrograms.java:290)
	at com.java.programs.AllPrograms.callBack(AllPrograms.java:290)
	at com.java.programs.AllPrograms.callBack(AllPrograms.java:290)
	at com.java.programs.AllPrograms.callBack(AllPrograms.java:290)
	at com.java.programs.AllPrograms.callBack(AllPrograms.java:290)
	at com.java.programs.AllPrograms.callBack(AllPrograms.java:290)
	at com.java.programs.AllPrograms.callBack(AllPrograms.java:290)
	at com.java.programs.AllPrograms.callBack(AllPrograms.java:290)
	at com.java.programs.AllPrograms.callBack(AllPrograms.java:290)
	at com.java.programs.AllPrograms.callBack(AllPrograms.java:290)
	at com.java.programs.AllPrograms.callBack(AllPrograms.java:290)
	at com.java.programs.AllPrograms.callBack(AllPrograms.java:290)
	at com.java.programs.AllPrograms.callBack(AllPrograms.java:290)
	at com.java.programs.AllPrograms.callBack(AllPrograms.java:290)
	at com.java.programs.AllPrograms.callBack(AllPrograms.java:290)
	at com.java.programs.AllPrograms.callBack(AllPrograms.java:290)
	at com.java.programs.AllPrograms.callBack(AllPrograms.java:290)
	at com.java.programs.AllPrograms.callBack(AllPrograms.java:290)
	at com.java.programs.AllPrograms.callBack(AllPrograms.java:290)
	at com.java.programs.AllPrograms.callBack(AllPrograms.java:290)
	at com.java.programs.AllPrograms.callBack(AllPrograms.java:290)
	at com.java.programs.AllPrograms.callBack(AllPrograms.java:290)
	at com.java.programs.AllPrograms.callBack(AllPrograms.java:290)
	at com.java.programs.AllPrograms.callBack(AllPrograms.java:290)
	at com.java.programs.AllPrograms.callBack(AllPrograms.java:290)
	at com.java.programs.AllPrograms.callBack(AllPrograms.java:290)
	at com.java.programs.AllPrograms.callBack(AllPrograms.java:290)
	at com.java.programs.AllPrograms.callBack(AllPrograms.java:290)
	at com.java.programs.AllPrograms.callBack(AllPrograms.java:290)
	at com.java.programs.AllPrograms.callBack(AllPrograms.java:290)
	at com.java.programs.AllPrograms.callBack(AllPrograms.java:290)
	at com.java.programs.AllPrograms.callBack(AllPrograms.java:290)
	at com.java.programs.AllPrograms.callBack(AllPrograms.java:290)
	at com.java.programs.AllPrograms.callBack(AllPrograms.java:290)
	at com.java.programs.AllPrograms.callBack(AllPrograms.java:290)
	at com.java.programs.AllPrograms.callBack(AllPrograms.java:290)
	at com.java.programs.AllPrograms.callBack(AllPrograms.java:290)
	at com.java.programs.AllPrograms.callBack(AllPrograms.java:290)
	at com.java.programs.AllPrograms.callBack(AllPrograms.java:290)
	at com.java.programs.AllPrograms.callBack(AllPrograms.java:290)
	at com.java.programs.AllPrograms.callBack(AllPrograms.java:290)
	at com.java.programs.AllPrograms.callBack(AllPrograms.java:290)
	at com.java.programs.AllPrograms.callBack(AllPrograms.java:290)
	at com.java.programs.AllPrograms.callBack(AllPrograms.java:290)
	at com.java.programs.AllPrograms.callBack(AllPrograms.java:290)
	at com.java.programs.AllPrograms.callBack(AllPrograms.java:290)
	at com.java.programs.AllPrograms.callBack(AllPrograms.java:290)
	at com.java.programs.AllPrograms.callBack(AllPrograms.java:290)
	at com.java.programs.AllPrograms.callBack(AllPrograms.java:290)
	at com.java.programs.AllPrograms.callBack(AllPrograms.java:290)
	at com.java.programs.AllPrograms.callBack(AllPrograms.java:290)
	at com.java.programs.AllPrograms.callBack(AllPrograms.java:290)
	at com.java.programs.AllPrograms.callBack(AllPrograms.java:290)
	at com.java.programs.AllPrograms.callBack(AllPrograms.java:290)
	at com.java.programs.AllPrograms.callBack(AllPrograms.java:290)
	at com.java.programs.AllPrograms.callBack(AllPrograms.java:290)
	at com.java.programs.AllPrograms.callBack(AllPrograms.java:290)
	at com.java.programs.AllPrograms.callBack(AllPrograms.java:290)
	at com.java.programs.AllPrograms.callBack(AllPrograms.java:290)
	at com.java.programs.AllPrograms.callBack(AllPrograms.java:290)
	at com.java.programs.AllPrograms.callBack(AllPrograms.java:290)
	at com.java.programs.AllPrograms.callBack(AllPrograms.java:290)
	at com.java.programs.AllPrograms.callBack(AllPrograms.java:290)
	at com.java.programs.AllPrograms.callBack(AllPrograms.java:290)
	at com.java.programs.AllPrograms.callBack(AllPrograms.java:290)
	at com.java.programs.AllPrograms.callBack(AllPrograms.java:290)
	at com.java.programs.AllPrograms.callBack(AllPrograms.java:290)
	at com.java.programs.AllPrograms.callBack(AllPrograms.java:290)
	at com.java.programs.AllPrograms.callBack(AllPrograms.java:290)
	at com.java.programs.AllPrograms.callBack(AllPrograms.java:290)
	at com.java.programs.AllPrograms.callBack(AllPrograms.java:290)
	at com.java.programs.AllPrograms.callBack(AllPrograms.java:290)
	at com.java.programs.AllPrograms.callBack(AllPrograms.java:290)
	at com.java.programs.AllPrograms.callBack(AllPrograms.java:290)
	at com.java.programs.AllPrograms.callBack(AllPrograms.java:290)
	at com.java.programs.AllPrograms.callBack(AllPrograms.java:290)
	at com.java.programs.AllPrograms.callBack(AllPrograms.java:290)
	at com.java.programs.AllPrograms.callBack(AllPrograms.java:290)
	at com.java.programs.AllPrograms.callBack(AllPrograms.java:290)
	at com.java.programs.AllPrograms.callBack(AllPrograms.java:290)
	at com.java.programs.AllPrograms.callBack(AllPrograms.java:290)
	at com.java.programs.AllPrograms.callBack(AllPrograms.java:290)
	at com.java.programs.AllPrograms.callBack(AllPrograms.java:290)
	at com.java.programs.AllPrograms.callBack(AllPrograms.java:290)
	at com.java.programs.AllPrograms.callBack(AllPrograms.java:290)
	at com.java.programs.AllPrograms.callBack(AllPrograms.java:290)
	at com.java.programs.AllPrograms.callBack(AllPrograms.java:290)
	at com.java.programs.AllPrograms.callBack(AllPrograms.java:290)
	at com.java.programs.AllPrograms.callBack(AllPrograms.java:290)
	at com.java.programs.AllPrograms.callBack(AllPrograms.java:290)
	at com.java.programs.AllPrograms.callBack(AllPrograms.java:290)
	at com.java.programs.AllPrograms.callBack(AllPrograms.java:290)
	at com.java.programs.AllPrograms.callBack(AllPrograms.java:290)
	at com.java.programs.AllPrograms.callBack(AllPrograms.java:290)
	at com.java.programs.AllPrograms.callBack(AllPrograms.java:290)
	at com.java.programs.AllPrograms.callBack(AllPrograms.java:290)
	at com.java.programs.AllPrograms.callBack(AllPrograms.java:290)
	at com.java.programs.AllPrograms.callBack(AllPrograms.java:290)
]]>
    </error>
  </testcase> <!-- fiboRec -->
</testsuite> <!-- com.java.programs.AllPrograms -->
